<?xml version="1.0" encoding="UTF-8"?>
<!-- Generated by org.testng.reporters.JUnitReportReporter -->
<testsuite skipped="0" hostname="PC-02" name="chaining.DeleteIncident" tests="1" failures="0" timestamp="2021-01-23T00:32:11 GMT" time="2.130" errors="0">
  <testcase name="deleteIncidents" time="2.130" classname="chaining.DeleteIncident"/>
  <system-out/>
</testsuite> <!-- chaining.DeleteIncident -->
