<?xml version="1.0" encoding="UTF-8"?>
<!-- Generated by org.testng.reporters.JUnitReportReporter -->
<testsuite skipped="0" hostname="PC-02" name="basic.DeleteIncident" tests="1" failures="0" timestamp="2020-12-29T00:09:38 GMT" time="2.919" errors="0">
  <testcase name="deleteIncident" time="2.919" classname="basic.DeleteIncident"/>
  <system-out/>
</testsuite> <!-- basic.DeleteIncident -->
