<?xml version="1.0" encoding="UTF-8"?>
<!-- Generated by org.testng.reporters.JUnitReportReporter -->
<testsuite skipped="0" hostname="PC-02" name="basic.UpdateIncident" tests="1" failures="0" timestamp="2021-01-21T23:10:08 GMT" time="8.652" errors="0">
  <testcase name="updateIncident" time="8.652" classname="basic.UpdateIncident"/>
  <system-out/>
</testsuite> <!-- basic.UpdateIncident -->
