<?xml version="1.0" encoding="UTF-8"?>
<!-- Generated by org.testng.reporters.JUnitReportReporter -->
<testsuite skipped="0" hostname="PC-02" name="chaining.CreateIncidentWithoutBody" tests="1" failures="0" timestamp="2021-01-23T00:35:00 GMT" time="3.781" errors="0">
  <testcase name="createIncidentWithoutBody" time="3.781" classname="chaining.CreateIncidentWithoutBody"/>
  <system-out/>
</testsuite> <!-- chaining.CreateIncidentWithoutBody -->
