<?xml version="1.0" encoding="UTF-8"?>
<!-- Generated by org.testng.reporters.JUnitReportReporter -->
<testsuite skipped="0" hostname="PC-02" name="parameters.FormParameter" tests="1" failures="0" timestamp="2021-01-27T22:40:32 GMT" time="4.101" errors="0">
  <testcase name="loginLeaftaps" time="4.101" classname="parameters.FormParameter"/>
  <system-out/>
</testsuite> <!-- parameters.FormParameter -->
