<?xml version="1.0" encoding="UTF-8"?>
<!-- Generated by org.testng.reporters.JUnitReportReporter -->
<testsuite skipped="1" hostname="PC-02" name="week4day2.WiremockCreateIncident" tests="2" failures="0" timestamp="2021-01-28T23:42:53 GMT" time="0.850" errors="1">
  <testcase name="mockPost" time="0.850" classname="week4day2.WiremockCreateIncident">
    <error type="java.lang.NoSuchFieldError" message="IGNORE_UNDEFINED">
      <![CDATA[java.lang.NoSuchFieldError: IGNORE_UNDEFINED
at com.github.tomakehurst.wiremock.common.Json$1.initialValue(Json.java:43)
at com.github.tomakehurst.wiremock.common.Json$1.initialValue(Json.java:36)
at java.lang.ThreadLocal.setInitialValue(ThreadLocal.java:180)
at java.lang.ThreadLocal.get(ThreadLocal.java:170)
at com.github.tomakehurst.wiremock.common.Json.getObjectMapper(Json.java:91)
at com.github.tomakehurst.wiremock.common.Json.write(Json.java:78)
at com.github.tomakehurst.wiremock.common.Json.write(Json.java:69)
at com.github.tomakehurst.wiremock.client.HttpAdminClient.executeRequest(HttpAdminClient.java:451)
at com.github.tomakehurst.wiremock.client.HttpAdminClient.addStubMapping(HttpAdminClient.java:131)
at com.github.tomakehurst.wiremock.client.WireMock.register(WireMock.java:298)
at com.github.tomakehurst.wiremock.client.WireMock.register(WireMock.java:293)
at com.github.tomakehurst.wiremock.client.WireMock.givenThat(WireMock.java:104)
at com.github.tomakehurst.wiremock.client.WireMock.stubFor(WireMock.java:108)
at week4day2.WiremockCreateIncident.mockPost(WiremockCreateIncident.java:16)
at sun.reflect.NativeMethodAccessorImpl.invoke0(Native Method)
at sun.reflect.NativeMethodAccessorImpl.invoke(NativeMethodAccessorImpl.java:62)
at sun.reflect.DelegatingMethodAccessorImpl.invoke(DelegatingMethodAccessorImpl.java:43)
at java.lang.reflect.Method.invoke(Method.java:483)
at org.testng.internal.MethodInvocationHelper.invokeMethod(MethodInvocationHelper.java:132)
at org.testng.internal.MethodInvocationHelper.invokeMethodConsideringTimeout(MethodInvocationHelper.java:61)
at org.testng.internal.ConfigInvoker.invokeConfigurationMethod(ConfigInvoker.java:366)
at org.testng.internal.ConfigInvoker.invokeConfigurations(ConfigInvoker.java:320)
at org.testng.internal.TestInvoker.runConfigMethods(TestInvoker.java:701)
at org.testng.internal.TestInvoker.invokeMethod(TestInvoker.java:527)
at org.testng.internal.TestInvoker.invokeTestMethod(TestInvoker.java:174)
at org.testng.internal.MethodRunner.runInSequence(MethodRunner.java:46)
at org.testng.internal.TestInvoker$MethodInvocationAgent.invoke(TestInvoker.java:822)
at org.testng.internal.TestInvoker.invokeTestMethods(TestInvoker.java:147)
at org.testng.internal.TestMethodWorker.invokeTestMethods(TestMethodWorker.java:146)
at org.testng.internal.TestMethodWorker.run(TestMethodWorker.java:128)
at org.testng.TestRunner$$Lambda$51/3199462.accept(Unknown Source)
at java.util.ArrayList.forEach(ArrayList.java:1234)
at org.testng.TestRunner.privateRun(TestRunner.java:764)
at org.testng.TestRunner.run(TestRunner.java:585)
at org.testng.SuiteRunner.runTest(SuiteRunner.java:384)
at org.testng.SuiteRunner.runSequentially(SuiteRunner.java:378)
at org.testng.SuiteRunner.privateRun(SuiteRunner.java:337)
at org.testng.SuiteRunner.run(SuiteRunner.java:286)
at org.testng.SuiteRunnerWorker.runSuite(SuiteRunnerWorker.java:53)
at org.testng.SuiteRunnerWorker.run(SuiteRunnerWorker.java:96)
at org.testng.TestNG.runSuitesSequentially(TestNG.java:1218)
at org.testng.TestNG.runSuitesLocally(TestNG.java:1140)
at org.testng.TestNG.runSuites(TestNG.java:1069)
at org.testng.TestNG.run(TestNG.java:1037)
at org.testng.remote.AbstractRemoteTestNG.run(AbstractRemoteTestNG.java:115)
at org.testng.remote.RemoteTestNG.initAndRun(RemoteTestNG.java:251)
at org.testng.remote.RemoteTestNG.main(RemoteTestNG.java:77)
]]>
    </error>
  </testcase> <!-- mockPost -->
  <system-out/>
  <testcase name="createIncident" time="0.000" classname="week4day2.WiremockCreateIncident">
    <skipped/>
  </testcase> <!-- createIncident -->
  <system-out/>
</testsuite> <!-- week4day2.WiremockCreateIncident -->
