<?xml version="1.0" encoding="UTF-8"?>
<!-- Generated by org.testng.reporters.JUnitReportReporter -->
<testsuite skipped="0" hostname="PC-02" name="basic.CreateIncidentwithBodyAsJsonMultipledata" tests="2" failures="0" timestamp="2021-01-06T00:23:54 GMT" time="4.525" errors="0">
  <testcase name="createIncidentWithJsonFile" time="1.561" classname="basic.CreateIncidentwithBodyAsJsonMultipledata"/>
  <system-out/>
  <testcase name="createIncidentWithJsonFile" time="2.964" classname="basic.CreateIncidentwithBodyAsJsonMultipledata"/>
  <system-out/>
</testsuite> <!-- basic.CreateIncidentwithBodyAsJsonMultipledata -->
